# mark_description "Intel(R) C Intel(R) 64 Compiler for applications running on Intel(R) MIC Architecture, Version 16.0.4.246 Be";
# mark_description "ta Build 20160811";
# mark_description "-qno-offload -O3 -m64 -mmic -nologo -masm=intel -w3 -wd1786 -std=c++11 -DINTEL_SYNTAX -obin/bitscanxx.mic -F";
# mark_description "abin/bitscanxx-mic.lst";
	.intel_syntax noprefix
	.file "bitscan.cpp"
	.text
..TXTST0:
# -- Begin  main
	.text
# mark_begin;
# Threads 4
        .align    16,0x90
	.globl main
# --- main()
main:
..B1.1:                         # Preds ..B1.0 Latency 17
	.cfi_startproc
	.cfi_personality 0x3,__gxx_personality_v0
..___tag_value_main.1:
..L2:
                                                          #44.1
        push      rbp                                           #44.1
	.cfi_def_cfa_offset 16
        mov       rbp, rsp                                      #44.1
	.cfi_def_cfa 6, 16
	.cfi_offset 6, -16
        and       rsp, -128                                     #44.1
        push      r14                                           #44.1 c1
        push      r15                                           #44.1 c5
        push      rbx                                           #44.1 c9
        sub       rsp, 104                                      #44.1 c9
        xor       esi, esi                                      #44.1 c13
        mov       edi, 3                                        #44.1 c13
        call      __intel_new_feature_proc_init                 #44.1 c17
	.cfi_escape 0x10, 0x03, 0x0e, 0x38, 0x1c, 0x0d, 0x80, 0xff, 0xff, 0xff, 0x1a, 0x0d, 0xe8, 0xff, 0xff, 0xff, 0x22
	.cfi_escape 0x10, 0x0e, 0x0e, 0x38, 0x1c, 0x0d, 0x80, 0xff, 0xff, 0xff, 0x1a, 0x0d, 0xf8, 0xff, 0xff, 0xff, 0x22
	.cfi_escape 0x10, 0x0f, 0x0e, 0x38, 0x1c, 0x0d, 0x80, 0xff, 0xff, 0xff, 0x1a, 0x0d, 0xf0, 0xff, 0xff, 0xff, 0x22
                                # LOE r12 r13
..B1.15:                        # Preds ..B1.1 Latency 11
        stmxcsr   DWORD PTR [rsp]                               #44.1 c1
        mov       edi, offset flat: .L_2__STRING.0              #49.2 c2
        or        DWORD PTR [rsp], 32832                        #44.1 c2
        ldmxcsr   DWORD PTR [rsp]                               #44.1 c6
        mov       rsi, QWORD PTR stdout[rip]                    #49.2 c7
#       fputs(const char *, FILE *)
        call      fputs                                         #49.2 c11
                                # LOE r12 r13
..B1.2:                         # Preds ..B1.15 Latency 9
        mov       edi, offset flat: .L_2__STRING.1              #51.2 c1
        mov       esi, offset flat: .L_2__STRING.2              #51.2 c1
        mov       edx, 64                                       #51.2 c5
        xor       eax, eax                                      #51.2 c5
..___tag_value_main.9:
#       printf(const char *, ...)
        call      printf                                        #51.2
..___tag_value_main.10:
                                # LOE r12 r13
..B1.3:                         # Preds ..B1.2 Latency 9
        mov       edi, offset flat: .L_2__STRING.1              #60.2 c1
        mov       esi, offset flat: .L_2__STRING.3              #60.2 c1
        mov       edx, 1                                        #60.2 c5
        xor       eax, eax                                      #60.2 c5
..___tag_value_main.11:
#       printf(const char *, ...)
        call      printf                                        #60.2
..___tag_value_main.12:
                                # LOE r12 r13
..B1.4:                         # Preds ..B1.3 Latency 5
        mov       rsi, QWORD PTR stdout[rip]                    #78.2 c1
        mov       edi, offset flat: .L_2__STRING.4              #78.2 c1
#       fputs(const char *, FILE *)
        call      fputs                                         #78.2 c5
                                # LOE r12 r13
..B1.5:                         # Preds ..B1.4 Latency 9
        mov       edi, offset flat: .L_2__STRING.5              #79.2 c1
        lea       rsi, QWORD PTR [rsp]                          #79.2 c1
        xor       eax, eax                                      #79.2 c5
#       scanf(const char *, ...)
        call      scanf                                         #79.2 c9
                                # LOE r12 r13
..B1.6:                         # Preds ..B1.5 Latency 17
        mov       r15, QWORD PTR [rsp]                          #81.70 c1
        mov       edi, offset flat: .L_2__STRING.6              #81.2 c1
        mov       r14d, r15d                                    #81.70 c5
        mov       ebx, r15d                                     #81.70 c9
        xor       eax, eax                                      #81.2 c9
        mov       rsi, rbx                                      #81.2 c13
..___tag_value_main.13:
#       printf(const char *, ...)
        call      printf                                        #81.2
..___tag_value_main.14:
                                # LOE rbx r12 r13 r15 r14d
..B1.7:                         # Preds ..B1.6 Latency 13
# Begin ASM
        bsr	edx,r14d
	setnz	cl
# End ASM                                                       #83.11 c1
        mov       edi, offset flat: .L_2__STRING.7              #84.2 c1
        movzx     ecx, cl                                       #83.11 c5
        mov       rsi, rbx                                      #84.2 c5
        xor       eax, eax                                      #84.2 c9
..___tag_value_main.15:
#       printf(const char *, ...)
        call      printf                                        #84.2
..___tag_value_main.16:
                                # LOE rbx r12 r13 r15 r14d
..B1.8:                         # Preds ..B1.7 Latency 13
# Begin ASM
        bsf	edx,r14d
	setnz	cl
# End ASM                                                       #87.11 c1
        mov       edi, offset flat: .L_2__STRING.8              #88.2 c1
        movzx     ecx, cl                                       #87.11 c5
        mov       rsi, rbx                                      #88.2 c5
        xor       eax, eax                                      #88.2 c9
..___tag_value_main.17:
#       printf(const char *, ...)
        call      printf                                        #88.2
..___tag_value_main.18:
                                # LOE r12 r13 r15
..B1.9:                         # Preds ..B1.8 Latency 9
        mov       edi, offset flat: .L_2__STRING.9              #91.2 c1
        mov       rsi, r15                                      #91.2 c1
        xor       eax, eax                                      #91.2 c5
..___tag_value_main.19:
#       printf(const char *, ...)
        call      printf                                        #91.2
..___tag_value_main.20:
                                # LOE r12 r13 r15
..B1.10:                        # Preds ..B1.9 Latency 13
# Begin ASM
        bsrq	rdx,r15
	setnz	cl
# End ASM                                                       #92.11 c1
        mov       edi, offset flat: .L_2__STRING.10             #93.2 c1
        movzx     ecx, cl                                       #92.11 c5
        mov       rsi, r15                                      #93.2 c5
        xor       eax, eax                                      #93.2 c9
..___tag_value_main.21:
#       printf(const char *, ...)
        call      printf                                        #93.2
..___tag_value_main.22:
                                # LOE r12 r13 r15
..B1.11:                        # Preds ..B1.10 Latency 13
# Begin ASM
        bsfq	rdx,r15
	setnz	cl
# End ASM                                                       #94.11 c1
        mov       edi, offset flat: .L_2__STRING.11             #95.2 c1
        movzx     ecx, cl                                       #94.11 c5
        mov       rsi, r15                                      #95.2 c5
        xor       eax, eax                                      #95.2 c9
..___tag_value_main.23:
#       printf(const char *, ...)
        call      printf                                        #95.2
..___tag_value_main.24:
                                # LOE r12 r13
..B1.12:                        # Preds ..B1.11 Latency 17
        xor       eax, eax                                      #98.9 c1
        add       rsp, 104                                      #98.9 c1
	.cfi_restore 3
        pop       rbx                                           #98.9
	.cfi_restore 15
        pop       r15                                           #98.9
	.cfi_restore 14
        pop       r14                                           #98.9
        mov       rsp, rbp                                      #98.9 c17
        pop       rbp                                           #98.9
	.cfi_def_cfa 7, 8
	.cfi_restore 6
        ret                                                     #98.9
        .align    16,0x90
                                # LOE
	.cfi_endproc
# mark_end;
	.type	main,@function
	.size	main,.-main
	.data
# -- End  main
	.section .rodata.str1.4, "aMS",@progbits,1
	.align 4
.L_2__STRING.1:
	.long	842083621
	.long	540680307
	.long	175467557
	.byte	0
	.type	.L_2__STRING.1,@object
	.size	.L_2__STRING.1,13
	.space 3, 0x00 	# pad
	.align 4
.L_2__STRING.2:
	.long	1331126111
	.long	1230193746
	.word	17754
	.byte	0
	.type	.L_2__STRING.2,@object
	.size	.L_2__STRING.2,11
	.space 1, 0x00 	# pad
	.align 4
.L_2__STRING.3:
	.long	1599293791
	.long	3421784
	.type	.L_2__STRING.3,@object
	.size	.L_2__STRING.3,8
	.align 4
.L_2__STRING.4:
	.long	1886275850
	.long	1965061237
	.long	1734964078
	.long	543450478
	.long	1702129257
	.long	1047684455
	.word	32
	.type	.L_2__STRING.4,@object
	.size	.L_2__STRING.4,26
	.space 2, 0x00 	# pad
	.align 4
.L_2__STRING.5:
	.long	1970039845
	.byte	0
	.type	.L_2__STRING.5,@object
	.size	.L_2__STRING.5,5
	.space 3, 0x00 	# pad
	.align 4
.L_2__STRING.6:
	.long	758264586
	.long	544500066
	.long	1970302569
	.long	1635131508
	.long	979727724
	.long	1970021664
	.word	10
	.type	.L_2__STRING.6,@object
	.size	.L_2__STRING.6,26
	.space 2, 0x00 	# pad
	.align 4
.L_2__STRING.7:
	.long	1381188191
	.long	539505203
	.long	544566309
	.long	622869033
	.long	1395138677
	.long	1701012341
	.long	624784243
	.long	665973
	.type	.L_2__STRING.7,@object
	.size	.L_2__STRING.7,32
	.align 4
.L_2__STRING.8:
	.long	1179861599
	.long	539505203
	.long	544566309
	.long	622869033
	.long	1395138677
	.long	1701012341
	.long	624784243
	.long	665973
	.type	.L_2__STRING.8,@object
	.size	.L_2__STRING.8,32
	.align 4
.L_2__STRING.9:
	.long	758396426
	.long	544500066
	.long	1970302569
	.long	1635131508
	.long	979727724
	.long	1819026720
	.word	2677
	.byte	0
	.type	.L_2__STRING.9,@object
	.size	.L_2__STRING.9,27
	.space 1, 0x00 	# pad
	.align 4
.L_2__STRING.10:
	.long	1381188191
	.long	539505718
	.long	1970039845
	.long	540682528
	.long	673215781
	.long	1667462483
	.long	1030976357
	.long	170489125
	.byte	0
	.type	.L_2__STRING.10,@object
	.size	.L_2__STRING.10,33
	.space 3, 0x00 	# pad
	.align 4
.L_2__STRING.11:
	.long	1179861599
	.long	539505718
	.long	1970039845
	.long	540682528
	.long	673215781
	.long	1667462483
	.long	1030976357
	.long	170489125
	.byte	0
	.type	.L_2__STRING.11,@object
	.size	.L_2__STRING.11,33
	.section .rodata.str1.32, "aMS",@progbits,1
	.align 32
.L_2__STRING.0:
	.long	1953055242
	.long	1851876179
	.long	1126182176
	.long	1920561263
	.long	1952999273
	.long	694364192
	.long	825242144
	.long	2036473913
	.long	1701593376
	.long	1684955512
	.long	1293972069
	.long	1816207406
	.long	1953654114
	.long	544104809
	.long	1936941372
	.long	1765032033
	.long	1970417264
	.long	1091186238
	.long	1914727532
	.long	1952999273
	.long	1701978227
	.long	1987208563
	.long	170812517
	.word	10
	.type	.L_2__STRING.0,@object
	.size	.L_2__STRING.0,94
	.data
	.section .note.GNU-stack, ""
// -- Begin DWARF2 SEGMENT .eh_frame
	.section .eh_frame,"a",@progbits
.eh_frame_seg:
	.align 8
# End
